<?xml version="1.0" encoding="UTF-8"?>
<!-- Generated by org.testng.reporters.JUnitReportReporter -->
<testsuite hostname="DESKTOP-Q13OS2E" failures="0" tests="3" name="demo125.First_selenium_program$HRM" time="16.913" errors="0" timestamp="29 Oct 2022 09:02:01 GMT">
  <testcase classname="demo125.First_selenium_program$HRM" name="vijay" time="6.232"/>
  <testcase classname="demo125.First_selenium_program$HRM" name="vijay2" time="5.166"/>
  <testcase classname="demo125.First_selenium_program$HRM" name="vijay3" time="5.515"/>
</testsuite> <!-- demo125.First_selenium_program$HRM -->
